<?xml version="1.0" encoding="UTF-8"?>
<testng-results skipped="0" failed="0" ignored="0" total="1" passed="1">
  <reporter-output>
  </reporter-output>
  <suite name="Default suite" duration-ms="22331" started-at="2020-12-14T16:26:15 IST" finished-at="2020-12-14T16:26:38 IST">
    <groups>
    </groups>
    <test name="Default test" duration-ms="22331" started-at="2020-12-14T16:26:15 IST" finished-at="2020-12-14T16:26:38 IST">
      <class name="Assessment.Assesment.Assesment1">
        <test-method status="PASS" signature="TC_1()[pri:0, instance:Assessment.Assesment.Assesment1@59e5ddf]" name="TC_1" duration-ms="22288" started-at="2020-12-14T16:26:15 IST" finished-at="2020-12-14T16:26:38 IST">
          <reporter-output>
          </reporter-output>
        </test-method> <!-- TC_1 -->
      </class> <!-- Assessment.Assesment.Assesment1 -->
    </test> <!-- Default test -->
  </suite> <!-- Default suite -->
</testng-results>
